This file contains any messages produced by compilers while
running configure, to aid debugging if configure makes a mistake.

It was created by configure, which was
generated by GNU Autoconf 2.57.  Invocation command line was

  $ ./configure --prefix=/root/arm/minigui --target=arm-linux --host=arm-linux --disable-cursor --disable-micemoveable --disable-dblclk --enable-debug --enable-msgstr --disable-nativegal --disable-textmode --disable-videoqvfb --disable-videoecoslcd --disable-videodummy --disable-nativeial --disable-vbfsupport --disable-qpfsupport --disable-ttfsupport --disable-type1support --disable-gbsupport --disable-big5support --disable-gifsupport --disable-jpgsupport --disable-imegb2312py --build=i386-linux

## --------- ##
## Platform. ##
## --------- ##

hostname = debian
uname -m = i686
uname -r = 2.6.18-4-686
uname -s = Linux
uname -v = #1 SMP Mon Mar 26 17:17:36 UTC 2007

/usr/bin/uname -p = unknown
/bin/uname -X     = unknown

/bin/arch              = i686
/usr/bin/arch -k       = unknown
/usr/convex/getsysinfo = unknown
hostinfo               = unknown
/bin/machine           = unknown
/usr/bin/oslevel       = unknown
/bin/universe          = unknown

PATH: /usr/local/sbin
PATH: /usr/local/bin
PATH: /usr/sbin
PATH: /usr/bin
PATH: /sbin
PATH: /bin
PATH: /usr/bin/X11
PATH: /usr/local/arm/3.4.1/bin


## ----------- ##
## Core tests. ##
## ----------- ##

configure:1636: checking build system type
configure:1654: result: i386-pc-linux-gnu
configure:1662: checking host system type
configure:1676: result: arm-unknown-linux-gnu
configure:1684: checking target system type
configure:1698: result: arm-unknown-linux-gnu
configure:1721: checking for arm-linux-gcc
configure:1747: result: arm-linux-gcc
configure:2029: checking for C compiler version
configure:2032: arm-linux-gcc --version </dev/null >&5
arm-linux-gcc (GCC) 3.4.1
Copyright (C) 2004 Free Software Foundation, Inc.
This is free software; see the source for copying conditions.  There is NO
warranty; not even for MERCHANTABILITY or FITNESS FOR A PARTICULAR PURPOSE.

configure:2035: $? = 0
configure:2037: arm-linux-gcc -v </dev/null >&5
Reading specs from /usr/local/arm/3.4.1/lib/gcc/arm-linux/3.4.1/specs
Configured with: /work/crosstool-0.27/build/arm-linux/gcc-3.4.1-glibc-2.3.2/gcc-3.4.1/configure --target=arm-linux --host=i686-host_pc-linux-gnu --prefix=/usr/local/arm/3.4.1 --with-headers=/usr/local/arm/3.4.1/arm-linux/include --with-local-prefix=/usr/local/arm/3.4.1/arm-linux --disable-nls --enable-threads=posix --enable-symvers=gnu --enable-__cxa_atexit --enable-languages=c,c++ --enable-shared --enable-c99 --enable-long-long
Thread model: posix
gcc version 3.4.1
configure:2040: $? = 0
configure:2042: arm-linux-gcc -V </dev/null >&5
arm-linux-gcc: `-V' option must have argument
configure:2045: $? = 1
configure:2069: checking for C compiler default output
configure:2072: arm-linux-gcc    conftest.c  >&5
configure:2075: $? = 0
configure:2121: result: a.out
configure:2126: checking whether the C compiler works
configure:2152: result: yes
configure:2159: checking whether we are cross compiling
configure:2161: result: yes
configure:2164: checking for suffix of executables
configure:2166: arm-linux-gcc -o conftest    conftest.c  >&5
configure:2169: $? = 0
configure:2194: result: 
configure:2200: checking for suffix of object files
configure:2222: arm-linux-gcc -c   conftest.c >&5
configure:2225: $? = 0
configure:2247: result: o
configure:2251: checking whether we are using the GNU C compiler
configure:2276: arm-linux-gcc -c   conftest.c >&5
configure:2279: $? = 0
configure:2282: test -s conftest.o
configure:2285: $? = 0
configure:2298: result: yes
configure:2304: checking whether arm-linux-gcc accepts -g
configure:2326: arm-linux-gcc -c -g  conftest.c >&5
configure:2329: $? = 0
configure:2332: test -s conftest.o
configure:2335: $? = 0
configure:2346: result: yes
configure:2363: checking for arm-linux-gcc option to accept ANSI C
configure:2424: arm-linux-gcc  -c -g -O2  conftest.c >&5
configure:2427: $? = 0
configure:2430: test -s conftest.o
configure:2433: $? = 0
configure:2451: result: none needed
configure:2469: arm-linux-gcc -c -g -O2  conftest.c >&5
conftest.c:2: error: parse error before "me"
configure:2472: $? = 1
configure: failed program was:
| #ifndef __cplusplus
|   choke me
| #endif
configure:2669: checking for ld used by GCC
configure:2732: result: ld
configure:2741: checking if the linker (ld) is GNU ld
GNU ld version 2.15
configure:2753: result: yes
configure:2758: checking for ld option to reload object files
configure:2765: result: -r
configure:2770: checking for BSD-compatible nm
configure:2806: result: nm
configure:2809: checking whether ln -s works
configure:2813: result: yes
configure:2820: checking how to recognise dependant libraries
configure:2998: result: file_magic ELF [0-9][0-9]*-bit [LM]SB (shared object|dynamic lib )
configure:3011: checking command to parse nm output
configure:3092: arm-linux-gcc -c -g -O2  conftest.c >&5
configure:3095: $? = 0
configure:3099: nm conftest.o \| sed -n -e 's/^.*[ 	]\([ABCDGISTW][ABCDGISTW]*\)[ 	][ 	]*\(\)\([_A-Za-z][_A-Za-z0-9]*\)$/\1 \2\3 \3/p' \> conftest.nm
configure:3102: $? = 0
configure:3154: arm-linux-gcc -o conftest -g -O2   conftest.c conftstm.o >&5
configure:3157: $? = 0
configure:3201: result: ok
configure:3210: checking how to run the C preprocessor
configure:3328: result: arm-linux-gcc -E
configure:3353: arm-linux-gcc -E  conftest.c
configure:3359: $? = 0
configure:3391: arm-linux-gcc -E  conftest.c
configure:3390:28: ac_nonexistent.h: No such file or directory
configure:3397: $? = 1
configure: failed program was:
| #line 3382 "configure"
| /* confdefs.h.  */
| 
| #define PACKAGE_NAME ""
| #define PACKAGE_TARNAME ""
| #define PACKAGE_VERSION ""
| #define PACKAGE_STRING ""
| #define PACKAGE_BUGREPORT ""
| /* end confdefs.h.  */
| #include <ac_nonexistent.h>
configure:3440: checking for egrep
configure:3450: result: grep -E
configure:3455: checking for ANSI C header files
configure:3481: arm-linux-gcc -c -g -O2  conftest.c >&5
configure:3484: $? = 0
configure:3487: test -s conftest.o
configure:3490: $? = 0
configure:3602: result: yes
configure:3626: checking for sys/types.h
configure:3643: arm-linux-gcc -c -g -O2  conftest.c >&5
configure:3646: $? = 0
configure:3649: test -s conftest.o
configure:3652: $? = 0
configure:3663: result: yes
configure:3626: checking for sys/stat.h
configure:3643: arm-linux-gcc -c -g -O2  conftest.c >&5
configure:3646: $? = 0
configure:3649: test -s conftest.o
configure:3652: $? = 0
configure:3663: result: yes
configure:3626: checking for stdlib.h
configure:3643: arm-linux-gcc -c -g -O2  conftest.c >&5
configure:3646: $? = 0
configure:3649: test -s conftest.o
configure:3652: $? = 0
configure:3663: result: yes
configure:3626: checking for string.h
configure:3643: arm-linux-gcc -c -g -O2  conftest.c >&5
configure:3646: $? = 0
configure:3649: test -s conftest.o
configure:3652: $? = 0
configure:3663: result: yes
configure:3626: checking for memory.h
configure:3643: arm-linux-gcc -c -g -O2  conftest.c >&5
configure:3646: $? = 0
configure:3649: test -s conftest.o
configure:3652: $? = 0
configure:3663: result: yes
configure:3626: checking for strings.h
configure:3643: arm-linux-gcc -c -g -O2  conftest.c >&5
configure:3646: $? = 0
configure:3649: test -s conftest.o
configure:3652: $? = 0
configure:3663: result: yes
configure:3626: checking for inttypes.h
configure:3643: arm-linux-gcc -c -g -O2  conftest.c >&5
configure:3646: $? = 0
configure:3649: test -s conftest.o
configure:3652: $? = 0
configure:3663: result: yes
configure:3626: checking for stdint.h
configure:3643: arm-linux-gcc -c -g -O2  conftest.c >&5
configure:3646: $? = 0
configure:3649: test -s conftest.o
configure:3652: $? = 0
configure:3663: result: yes
configure:3626: checking for unistd.h
configure:3643: arm-linux-gcc -c -g -O2  conftest.c >&5
configure:3646: $? = 0
configure:3649: test -s conftest.o
configure:3652: $? = 0
configure:3663: result: yes
configure:3689: checking dlfcn.h usability
configure:3702: arm-linux-gcc -c -g -O2  conftest.c >&5
configure:3705: $? = 0
configure:3708: test -s conftest.o
configure:3711: $? = 0
configure:3721: result: yes
configure:3725: checking dlfcn.h presence
configure:3736: arm-linux-gcc -E  conftest.c
configure:3742: $? = 0
configure:3761: result: yes
configure:3797: checking for dlfcn.h
configure:3804: result: yes
configure:3825: checking for arm-linux-file
configure:3883: result: no
configure:3889: checking for file
configure:3944: result: /usr/bin/file
configure:3963: checking for arm-linux-ranlib
configure:3979: found /usr/local/arm/3.4.1/bin/arm-linux-ranlib
configure:3989: result: arm-linux-ranlib
configure:4043: checking for arm-linux-strip
configure:4069: result: strip
configure:4318: checking for objdir
configure:4329: result: .libs
configure:4346: checking for arm-linux-gcc option to produce PIC
configure:4496: result: -fPIC
configure:4500: checking if arm-linux-gcc PIC flag -fPIC works
configure:4524: arm-linux-gcc -c -g -O2 -fPIC -DPIC  conftest.c >&5
configure:4527: $? = 0
configure:4530: test -s conftest.o
configure:4533: $? = 0
configure:4571: result: yes
configure:4587: checking if arm-linux-gcc static flag -static works
configure:4612: arm-linux-gcc -o conftest -g -O2   -static conftest.c  >&5
configure:4615: $? = 0
configure:4618: test -s conftest
configure:4621: $? = 0
configure:4637: result: yes
configure:4649: checking if arm-linux-gcc supports -c -o file.o
configure:4672: arm-linux-gcc -c -g -O2 -o out/conftest2.o  conftest.c >&5
configure:4693: result: yes
configure:4698: checking if arm-linux-gcc supports -c -o file.lo
configure:4726: arm-linux-gcc -c -g -O2 -c -o conftest.lo  conftest.c >&5
configure:4729: $? = 0
configure:4732: test -s conftest.lo
configure:4735: $? = 0
configure:4757: result: yes
configure:4788: checking if arm-linux-gcc supports -fno-rtti -fno-exceptions
configure:4811: arm-linux-gcc -c -g -O2 -fno-rtti -fno-exceptions -c conftest.c  conftest.c >&5
cc1: warning: command line option "-fno-rtti" is valid for C++/ObjC++ but not for C
cc1: warning: command line option "-fno-rtti" is valid for C++/ObjC++ but not for C
configure:4814: $? = 0
configure:4817: test -s conftest.o
configure:4820: $? = 0
configure:4837: result: yes
configure:4848: checking whether the linker (ld) supports shared libraries
configure:5528: result: yes
configure:5533: checking how to hardcode library paths into programs
configure:5557: result: immediate
configure:5562: checking whether stripping libraries is possible
configure:5567: result: yes
configure:5578: checking dynamic linker characteristics
configure:5971: result: GNU/Linux ld.so
configure:5976: checking if libtool supports shared libraries
configure:5978: result: yes
configure:5981: checking whether to build shared libraries
configure:6002: result: yes
configure:6005: checking whether to build static libraries
configure:6009: result: yes
configure:6683: checking whether -lc should be explicitly linked in
configure:6691: arm-linux-gcc -c -g -O2  conftest.c >&5
configure:6694: $? = 0
configure:6708: arm-linux-gcc -shared conftest.o  -v -Wl,-soname -Wl,conftest -o conftest 2\>\&1 \| grep  -lc  \>/dev/null 2\>\&1
configure:6711: $? = 0
configure:6724: result: no
configure:7306: checking for a BSD-compatible install
configure:7360: result: /usr/bin/install -c
configure:7371: checking whether ln -s works
configure:7375: result: yes
configure:7382: checking whether make sets $(MAKE)
configure:7402: result: yes
configure:7413: checking whether build environment is sane
configure:7456: result: yes
configure:7489: checking for gawk
configure:7515: result: awk
configure:7545: checking for style of include used by make
configure:7573: result: GNU
configure:7640: checking for arm-linux-strip
configure:7666: result: strip
configure:7726: checking dependency style of arm-linux-gcc
configure:7788: result: gcc3
configure:7795: checking for ANSI C header files
configure:7942: result: yes
configure:7960: checking for dirent.h that defines DIR
configure:7985: arm-linux-gcc -c -g -O2  conftest.c >&5
configure:7988: $? = 0
configure:7991: test -s conftest.o
configure:7994: $? = 0
configure:8005: result: yes
configure:8018: checking for library containing opendir
configure:8049: arm-linux-gcc -o conftest -g -O2   conftest.c  >&5
configure:8052: $? = 0
configure:8055: test -s conftest
configure:8058: $? = 0
configure:8117: result: none required
configure:8253: checking malloc.h usability
configure:8266: arm-linux-gcc -c -g -O2  conftest.c >&5
configure:8269: $? = 0
configure:8272: test -s conftest.o
configure:8275: $? = 0
configure:8285: result: yes
configure:8289: checking malloc.h presence
configure:8300: arm-linux-gcc -E  conftest.c
configure:8306: $? = 0
configure:8325: result: yes
configure:8361: checking for malloc.h
configure:8368: result: yes
configure:8244: checking for sys/types.h
configure:8249: result: yes
configure:8253: checking sys/ioctl.h usability
configure:8266: arm-linux-gcc -c -g -O2  conftest.c >&5
configure:8269: $? = 0
configure:8272: test -s conftest.o
configure:8275: $? = 0
configure:8285: result: yes
configure:8289: checking sys/ioctl.h presence
configure:8300: arm-linux-gcc -E  conftest.c
configure:8306: $? = 0
configure:8325: result: yes
configure:8361: checking for sys/ioctl.h
configure:8368: result: yes
configure:8253: checking sys/time.h usability
configure:8266: arm-linux-gcc -c -g -O2  conftest.c >&5
configure:8269: $? = 0
configure:8272: test -s conftest.o
configure:8275: $? = 0
configure:8285: result: yes
configure:8289: checking sys/time.h presence
configure:8300: arm-linux-gcc -E  conftest.c
configure:8306: $? = 0
configure:8325: result: yes
configure:8361: checking for sys/time.h
configure:8368: result: yes
configure:8253: checking termio.h usability
configure:8266: arm-linux-gcc -c -g -O2  conftest.c >&5
configure:8269: $? = 0
configure:8272: test -s conftest.o
configure:8275: $? = 0
configure:8285: result: yes
configure:8289: checking termio.h presence
configure:8300: arm-linux-gcc -E  conftest.c
configure:8306: $? = 0
configure:8325: result: yes
configure:8361: checking for termio.h
configure:8368: result: yes
configure:8244: checking for unistd.h
configure:8249: result: yes
configure:8253: checking math.h usability
configure:8266: arm-linux-gcc -c -g -O2  conftest.c >&5
configure:8269: $? = 0
configure:8272: test -s conftest.o
configure:8275: $? = 0
configure:8285: result: yes
configure:8289: checking math.h presence
configure:8300: arm-linux-gcc -E  conftest.c
configure:8306: $? = 0
configure:8325: result: yes
configure:8361: checking for math.h
configure:8368: result: yes
configure:8382: checking for an ANSI C-conforming const
configure:8450: arm-linux-gcc -c -g -O2  conftest.c >&5
configure:8453: $? = 0
configure:8456: test -s conftest.o
configure:8459: $? = 0
configure:8470: result: yes
configure:8480: checking for inline
configure:8502: arm-linux-gcc -c -g -O2  conftest.c >&5
configure:8505: $? = 0
configure:8508: test -s conftest.o
configure:8511: $? = 0
configure:8523: result: inline
configure:8538: checking for size_t
configure:8563: arm-linux-gcc -c -g -O2  conftest.c >&5
configure:8566: $? = 0
configure:8569: test -s conftest.o
configure:8572: $? = 0
configure:8583: result: yes
configure:8595: checking whether time.h and sys/time.h may both be included
configure:8621: arm-linux-gcc -c -g -O2  conftest.c >&5
configure:8624: $? = 0
configure:8627: test -s conftest.o
configure:8630: $? = 0
configure:8641: result: yes
configure:8651: checking whether struct tm is in sys/time.h or time.h
configure:8675: arm-linux-gcc -c -g -O2  conftest.c >&5
configure:8678: $? = 0
configure:8681: test -s conftest.o
configure:8684: $? = 0
configure:8695: result: time.h
configure:8708: checking for working alloca.h
configure:8730: arm-linux-gcc -o conftest -g -O2   conftest.c  >&5
configure:8733: $? = 0
configure:8736: test -s conftest
configure:8739: $? = 0
configure:8750: result: yes
configure:8760: checking for alloca
configure:8802: arm-linux-gcc -o conftest -g -O2   conftest.c  >&5
configure:8805: $? = 0
configure:8808: test -s conftest
configure:8811: $? = 0
configure:8822: result: yes
configure:9029: checking for working memcmp
configure:9100: result: no
configure:9110: checking for stdlib.h
configure:9115: result: yes
configure:9110: checking for unistd.h
configure:9115: result: yes
configure:9251: checking for getpagesize
configure:9301: arm-linux-gcc -o conftest -g -O2   conftest.c  >&5
configure:9304: $? = 0
configure:9307: test -s conftest
configure:9310: $? = 0
configure:9321: result: yes
configure:9331: checking for working mmap
configure:9496: result: no
configure:9511: checking for vprintf
configure:9561: arm-linux-gcc -o conftest -g -O2   conftest.c  >&5
configure:9566: warning: conflicting types for built-in function 'vprintf'
configure:9564: $? = 0
configure:9567: test -s conftest
configure:9570: $? = 0
configure:9581: result: yes
configure:9588: checking for _doprnt
configure:9638: arm-linux-gcc -o conftest -g -O2   conftest.c  >&5
/tmp/ccy32Vit.o(.text+0x1c): In function `main':
/root/arm/libminigui-1.3.3/configure:9663: undefined reference to `_doprnt'
/tmp/ccy32Vit.o(.data+0x0):/root/arm/libminigui-1.3.3/configure:9660: undefined reference to `_doprnt'
collect2: ld returned 1 exit status
configure:9641: $? = 1
configure: failed program was:
| #line 9593 "configure"
| /* confdefs.h.  */
| 
| #define PACKAGE_NAME ""
| #define PACKAGE_TARNAME ""
| #define PACKAGE_VERSION ""
| #define PACKAGE_STRING ""
| #define PACKAGE_BUGREPORT ""
| #define STDC_HEADERS 1
| #define HAVE_SYS_TYPES_H 1
| #define HAVE_SYS_STAT_H 1
| #define HAVE_STDLIB_H 1
| #define HAVE_STRING_H 1
| #define HAVE_MEMORY_H 1
| #define HAVE_STRINGS_H 1
| #define HAVE_INTTYPES_H 1
| #define HAVE_STDINT_H 1
| #define HAVE_UNISTD_H 1
| #define HAVE_DLFCN_H 1
| #define STDC_HEADERS 1
| #define HAVE_DIRENT_H 1
| #define HAVE_MALLOC_H 1
| #define HAVE_SYS_TYPES_H 1
| #define HAVE_SYS_IOCTL_H 1
| #define HAVE_SYS_TIME_H 1
| #define HAVE_TERMIO_H 1
| #define HAVE_UNISTD_H 1
| #define HAVE_MATH_H 1
| #define TIME_WITH_SYS_TIME 1
| #define HAVE_ALLOCA_H 1
| #define HAVE_ALLOCA 1
| #define HAVE_STDLIB_H 1
| #define HAVE_UNISTD_H 1
| #define HAVE_GETPAGESIZE 1
| #define HAVE_VPRINTF 1
| /* end confdefs.h.  */
| /* System header to define __stub macros and hopefully few prototypes,
|     which can conflict with char _doprnt (); below.
|     Prefer <limits.h> to <assert.h> if __STDC__ is defined, since
|     <limits.h> exists even on freestanding compilers.  */
| #ifdef __STDC__
| # include <limits.h>
| #else
| # include <assert.h>
| #endif
| /* Override any gcc2 internal prototype to avoid an error.  */
| #ifdef __cplusplus
| extern "C"
| {
| #endif
| /* We use char because int might match the return type of a gcc2
|    builtin and then its argument prototype would still apply.  */
| char _doprnt ();
| /* The GNU C library defines this for functions which it implements
|     to always fail with ENOSYS.  Some functions are actually named
|     something starting with __ and the normal name is an alias.  */
| #if defined (__stub__doprnt) || defined (__stub____doprnt)
| choke me
| #else
| char (*f) () = _doprnt;
| #endif
| #ifdef __cplusplus
| }
| #endif
| 
| int
| main ()
| {
| return f != _doprnt;
|   ;
|   return 0;
| }
configure:9658: result: no
configure:9682: checking for gettimeofday
configure:9732: arm-linux-gcc -o conftest -g -O2   conftest.c  >&5
configure:9735: $? = 0
configure:9738: test -s conftest
configure:9741: $? = 0
configure:9752: result: yes
configure:9682: checking for alloca
configure:9732: arm-linux-gcc -o conftest -g -O2   conftest.c  >&5
configure:9739: warning: conflicting types for built-in function 'alloca'
/tmp/ccy2MBx1.o(.text+0x1c): In function `main':
/root/arm/libminigui-1.3.3/configure:9758: undefined reference to `alloca'
/tmp/ccy2MBx1.o(.data+0x0):/root/arm/libminigui-1.3.3/configure:9755: undefined reference to `alloca'
collect2: ld returned 1 exit status
configure:9735: $? = 1
configure: failed program was:
| #line 9687 "configure"
| /* confdefs.h.  */
| 
| #define PACKAGE_NAME ""
| #define PACKAGE_TARNAME ""
| #define PACKAGE_VERSION ""
| #define PACKAGE_STRING ""
| #define PACKAGE_BUGREPORT ""
| #define STDC_HEADERS 1
| #define HAVE_SYS_TYPES_H 1
| #define HAVE_SYS_STAT_H 1
| #define HAVE_STDLIB_H 1
| #define HAVE_STRING_H 1
| #define HAVE_MEMORY_H 1
| #define HAVE_STRINGS_H 1
| #define HAVE_INTTYPES_H 1
| #define HAVE_STDINT_H 1
| #define HAVE_UNISTD_H 1
| #define HAVE_DLFCN_H 1
| #define STDC_HEADERS 1
| #define HAVE_DIRENT_H 1
| #define HAVE_MALLOC_H 1
| #define HAVE_SYS_TYPES_H 1
| #define HAVE_SYS_IOCTL_H 1
| #define HAVE_SYS_TIME_H 1
| #define HAVE_TERMIO_H 1
| #define HAVE_UNISTD_H 1
| #define HAVE_MATH_H 1
| #define TIME_WITH_SYS_TIME 1
| #define HAVE_ALLOCA_H 1
| #define HAVE_ALLOCA 1
| #define HAVE_STDLIB_H 1
| #define HAVE_UNISTD_H 1
| #define HAVE_GETPAGESIZE 1
| #define HAVE_VPRINTF 1
| #define HAVE_GETTIMEOFDAY 1
| /* end confdefs.h.  */
| /* System header to define __stub macros and hopefully few prototypes,
|     which can conflict with char alloca (); below.
|     Prefer <limits.h> to <assert.h> if __STDC__ is defined, since
|     <limits.h> exists even on freestanding compilers.  */
| #ifdef __STDC__
| # include <limits.h>
| #else
| # include <assert.h>
| #endif
| /* Override any gcc2 internal prototype to avoid an error.  */
| #ifdef __cplusplus
| extern "C"
| {
| #endif
| /* We use char because int might match the return type of a gcc2
|    builtin and then its argument prototype would still apply.  */
| char alloca ();
| /* The GNU C library defines this for functions which it implements
|     to always fail with ENOSYS.  Some functions are actually named
|     something starting with __ and the normal name is an alias.  */
| #if defined (__stub_alloca) || defined (__stub___alloca)
| choke me
| #else
| char (*f) () = alloca;
| #endif
| #ifdef __cplusplus
| }
| #endif
| 
| int
| main ()
| {
| return f != alloca;
|   ;
|   return 0;
| }
configure:9752: result: no
configure:9682: checking for strdup
configure:9732: arm-linux-gcc -o conftest -g -O2   conftest.c  >&5
configure:9739: warning: conflicting types for built-in function 'strdup'
configure:9735: $? = 0
configure:9738: test -s conftest
configure:9741: $? = 0
configure:9752: result: yes
configure:9682: checking for strcasecmp
configure:9732: arm-linux-gcc -o conftest -g -O2   conftest.c  >&5
configure:9735: $? = 0
configure:9738: test -s conftest
configure:9741: $? = 0
configure:9752: result: yes
configure:9682: checking for strerror
configure:9732: arm-linux-gcc -o conftest -g -O2   conftest.c  >&5
configure:9735: $? = 0
configure:9738: test -s conftest
configure:9741: $? = 0
configure:9752: result: yes
configure:9682: checking for setenv
configure:9732: arm-linux-gcc -o conftest -g -O2   conftest.c  >&5
configure:9735: $? = 0
configure:9738: test -s conftest
configure:9741: $? = 0
configure:9752: result: yes
configure:9682: checking for tmpfile
configure:9732: arm-linux-gcc -o conftest -g -O2   conftest.c  >&5
configure:9735: $? = 0
configure:9738: test -s conftest
configure:9741: $? = 0
configure:9752: result: yes
configure:10675: checking for FrameBuffer console support
configure:10700: arm-linux-gcc -c -g -O2  conftest.c >&5
configure:10703: $? = 0
configure:10706: test -s conftest.o
configure:10709: $? = 0
configure:10720: result: yes
configure:10814: checking for pthread library
configure:10842: arm-linux-gcc -o conftest -g -O2   conftest.c  >&5
configure:10845: $? = 0
configure:10848: test -s conftest
configure:10851: $? = 0
configure:10854: result: yes
configure:11343: checking for png_check_sig in -lpng
configure:11374: arm-linux-gcc -o conftest -g -O2   conftest.c -lpng -lm  >&5
configure:11377: $? = 0
configure:11380: test -s conftest
configure:11383: $? = 0
configure:11395: result: yes
configure:11488: checking for pow in -lm
configure:11519: arm-linux-gcc -o conftest -g -O2 -D__MINIGUI_LIB__ -D_REENTRANT -g -Wall -Wstrict-prototypes -pipe -UNDEBUG -D_DEBUG   conftest.c -lm   >&5
configure:11551: warning: function declaration isn't a prototype
configure:11551: warning: conflicting types for built-in function 'pow'
configure:11554: warning: function declaration isn't a prototype
configure:11522: $? = 0
configure:11525: test -s conftest
configure:11528: $? = 0
configure:11540: result: yes
configure:13252: creating ./config.status

## ---------------------- ##
## Running config.status. ##
## ---------------------- ##

This file was extended by config.status, which was
generated by GNU Autoconf 2.57.  Invocation command line was

  CONFIG_FILES    = 
  CONFIG_HEADERS  = 
  CONFIG_LINKS    = 
  CONFIG_COMMANDS = 
  $ ./config.status 

on debian

config.status:802: creating Makefile
config.status:802: creating src/Makefile
config.status:802: creating src/control/Makefile
config.status:802: creating src/font/Makefile
config.status:802: creating src/font/in-core/Makefile
config.status:802: creating src/gal/Makefile
config.status:802: creating src/gal/native/Makefile
config.status:802: creating src/newgal/Makefile
config.status:802: creating src/newgal/fbcon/Makefile
config.status:802: creating src/newgal/qvfb/Makefile
config.status:802: creating src/newgal/ecoslcd/Makefile
config.status:802: creating src/newgal/dummy/Makefile
config.status:802: creating src/ial/Makefile
config.status:802: creating src/ial/native/Makefile
config.status:802: creating src/mybmp/Makefile
config.status:802: creating src/gdi/Makefile
config.status:802: creating src/newgdi/Makefile
config.status:802: creating src/gui/Makefile
config.status:802: creating src/ime/Makefile
config.status:802: creating src/misc/Makefile
config.status:802: creating src/main/Makefile
config.status:802: creating src/kernel/Makefile
config.status:802: creating src/server/Makefile
config.status:802: creating src/client/Makefile
config.status:802: creating src/standalone/Makefile
config.status:802: creating src/sysres/Makefile
config.status:802: creating src/include/Makefile
config.status:802: creating src/include/control/Makefile
config.status:802: creating ext/Makefile
config.status:802: creating ext/control/Makefile
config.status:802: creating ext/mywins/Makefile
config.status:802: creating ext/skin/Makefile
config.status:802: creating ext/image/Makefile
config.status:802: creating ext/include/Makefile
config.status:802: creating ext/res/Makefile
config.status:802: creating examples/Makefile
config.status:802: creating vcongui/Makefile
config.status:802: creating include/Makefile
config.status:802: creating etc/Makefile
config.status:802: creating m4/Makefile
config.status:802: creating configs/Makefile
config.status:802: creating scripts/Makefile
config.status:802: creating scripts/lxdialog/Makefile
config.status:906: creating config.h
config.status:1295: executing depfiles commands

## ---------------- ##
## Cache variables. ##
## ---------------- ##

ac_cv_build=i386-pc-linux-gnu
ac_cv_build_alias=i386-linux
ac_cv_c_compiler_gnu=yes
ac_cv_c_const=yes
ac_cv_c_inline=inline
ac_cv_env_CC_set=set
ac_cv_env_CC_value=arm-linux-gcc
ac_cv_env_CFLAGS_set=
ac_cv_env_CFLAGS_value=
ac_cv_env_CPPFLAGS_set=
ac_cv_env_CPPFLAGS_value=
ac_cv_env_CPP_set=set
ac_cv_env_CPP_value='arm-linux-gcc -E'
ac_cv_env_LDFLAGS_set=
ac_cv_env_LDFLAGS_value=
ac_cv_env_build_alias_set=set
ac_cv_env_build_alias_value=i386-linux
ac_cv_env_host_alias_set=set
ac_cv_env_host_alias_value=arm-linux
ac_cv_env_target_alias_set=set
ac_cv_env_target_alias_value=arm-linux
ac_cv_exeext=
ac_cv_func__doprnt=no
ac_cv_func_alloca=no
ac_cv_func_alloca_works=yes
ac_cv_func_getpagesize=yes
ac_cv_func_gettimeofday=yes
ac_cv_func_memcmp_working=no
ac_cv_func_mmap_fixed_mapped=no
ac_cv_func_setenv=yes
ac_cv_func_strcasecmp=yes
ac_cv_func_strdup=yes
ac_cv_func_strerror=yes
ac_cv_func_tmpfile=yes
ac_cv_func_vprintf=yes
ac_cv_header_dirent_dirent_h=yes
ac_cv_header_dlfcn_h=yes
ac_cv_header_inttypes_h=yes
ac_cv_header_malloc_h=yes
ac_cv_header_math_h=yes
ac_cv_header_memory_h=yes
ac_cv_header_stdc=yes
ac_cv_header_stdint_h=yes
ac_cv_header_stdlib_h=yes
ac_cv_header_string_h=yes
ac_cv_header_strings_h=yes
ac_cv_header_sys_ioctl_h=yes
ac_cv_header_sys_stat_h=yes
ac_cv_header_sys_time_h=yes
ac_cv_header_sys_types_h=yes
ac_cv_header_termio_h=yes
ac_cv_header_time=yes
ac_cv_header_unistd_h=yes
ac_cv_host=arm-unknown-linux-gnu
ac_cv_host_alias=arm-linux
ac_cv_lib_m_pow=yes
ac_cv_lib_png_png_check_sig=yes
ac_cv_objext=o
ac_cv_path_install='/usr/bin/install -c'
ac_cv_prog_AWK=awk
ac_cv_prog_CC=arm-linux-gcc
ac_cv_prog_CPP='arm-linux-gcc -E'
ac_cv_prog_RANLIB=arm-linux-ranlib
ac_cv_prog_STRIP=strip
ac_cv_prog_cc_g=yes
ac_cv_prog_cc_stdc=
ac_cv_prog_egrep='grep -E'
ac_cv_prog_make_make_set=yes
ac_cv_search_opendir='none required'
ac_cv_struct_tm=time.h
ac_cv_target=arm-unknown-linux-gnu
ac_cv_target_alias=arm-linux
ac_cv_type_size_t=yes
ac_cv_working_alloca_h=yes
am_cv_CC_dependencies_compiler_type=gcc3
lt_cv_archive_cmds_need_lc=no
lt_cv_compiler_c_o=yes
lt_cv_compiler_o_lo=yes
lt_cv_deplibs_check_method='file_magic ELF [0-9][0-9]*-bit [LM]SB (shared object|dynamic lib )'
lt_cv_file_magic_cmd='$MAGIC_CMD'
lt_cv_file_magic_test_file='/lib/libc.so.6 /lib/libc-2.3.6.so'
lt_cv_global_symbol_to_c_name_address='sed -n -e '\''s/^: \([^ ]*\) $/  {\"\1\", (lt_ptr) 0},/p'\'' -e '\''s/^[BCDEGRST] \([^ ]*\) \([^ ]*\)$/  {"\2", (lt_ptr) \&\2},/p'\'''
lt_cv_global_symbol_to_cdecl='sed -n -e '\''s/^. .* \(.*\)$/extern char \1;/p'\'''
lt_cv_ld_reload_flag=-r
lt_cv_path_LD=ld
lt_cv_path_MAGIC_CMD=/usr/bin/file
lt_cv_path_NM=nm
lt_cv_prog_cc_can_build_shared=yes
lt_cv_prog_cc_no_builtin=
lt_cv_prog_cc_pic=' -fPIC'
lt_cv_prog_cc_pic_works=yes
lt_cv_prog_cc_shlib=
lt_cv_prog_cc_static=-static
lt_cv_prog_cc_static_works=yes
lt_cv_prog_cc_wl=-Wl,
lt_cv_prog_gnu_ld=yes
lt_cv_sys_global_symbol_pipe='sed -n -e '\''s/^.*[ 	]\([ABCDGISTW][ABCDGISTW]*\)[ 	][ 	]*\(\)\([_A-Za-z][_A-Za-z0-9]*\)$/\1 \2\3 \3/p'\'''

## ----------------- ##
## Output variables. ##
## ----------------- ##

ACLOCAL='${SHELL} /root/arm/libminigui-1.3.3/missing --run aclocal-1.6'
ADS_IAL_ENGINE_FALSE=''
ADS_IAL_ENGINE_TRUE='#'
ALLOCA=''
AMDEPBACKSLASH='\'
AMDEP_FALSE='#'
AMDEP_TRUE=''
AMTAR='${SHELL} /root/arm/libminigui-1.3.3/missing --run tar'
AUTOCONF='${SHELL} /root/arm/libminigui-1.3.3/missing --run autoconf'
AUTOHEADER='${SHELL} /root/arm/libminigui-1.3.3/missing --run autoheader'
AUTOMAKE='${SHELL} /root/arm/libminigui-1.3.3/missing --run automake-1.6'
AWK='awk'
BIG5_SUPPORT_FALSE=''
BIG5_SUPPORT_TRUE='#'
CC='arm-linux-gcc'
CCDEPMODE='depmode=gcc3'
CFLAGS='-g -O2 -D__MINIGUI_LIB__ -D_REENTRANT -g -Wall -Wstrict-prototypes -pipe -UNDEBUG -D_DEBUG'
CPP='arm-linux-gcc -E'
CPPFLAGS=''
DEFS='-DHAVE_CONFIG_H'
DEPDIR='.deps'
DUMMY_IAL_ENGINE_FALSE='#'
DUMMY_IAL_ENGINE_TRUE=''
ECHO='echo'
ECHO_C=''
ECHO_N='-n'
ECHO_T=''
EGREP='grep -E'
EP7211_IAL_ENGINE_FALSE=''
EP7211_IAL_ENGINE_TRUE='#'
EUCKR_SUPPORT_FALSE=''
EUCKR_SUPPORT_TRUE='#'
EXEEXT=''
FLAT_WINDOW_STYLE_FALSE=''
FLAT_WINDOW_STYLE_TRUE='#'
GB18030_SUPPORT_FALSE=''
GB18030_SUPPORT_TRUE='#'
GBK_SUPPORT_FALSE='#'
GBK_SUPPORT_TRUE=''
GB_SUPPORT_FALSE=''
GB_SUPPORT_TRUE='#'
GIF_FILE_SUPPORT_FALSE=''
GIF_FILE_SUPPORT_TRUE='#'
HAS_FREETYPE2_FALSE=''
HAS_FREETYPE2_TRUE='#'
HELIO_IAL_ENGINE_FALSE=''
HELIO_IAL_ENGINE_TRUE='#'
IME_GB2312_PINYIN_SUPPORT_FALSE=''
IME_GB2312_PINYIN_SUPPORT_TRUE='#'
IME_GB2312_SUPPORT_FALSE='#'
IME_GB2312_SUPPORT_TRUE=''
INSTALL_DATA='${INSTALL} -m 644'
INSTALL_PROGRAM='${INSTALL}'
INSTALL_SCRIPT='${INSTALL}'
INSTALL_STRIP_PROGRAM='${SHELL} $(install_sh) -c -s'
IPAQ_IAL_ENGINE_FALSE=''
IPAQ_IAL_ENGINE_TRUE='#'
JPG_FILE_SUPPORT_FALSE=''
JPG_FILE_SUPPORT_TRUE='#'
LBM_FILE_SUPPORT_FALSE=''
LBM_FILE_SUPPORT_TRUE='#'
LDFLAGS=''
LIBGGI_ENGINE_FALSE=''
LIBGGI_ENGINE_TRUE='#'
LIBOBJS=' memcmp$U.o'
LIBS=''
LIBTOOL='$(SHELL) $(top_builddir)/libtool'
LIB_VCONGUI_FALSE='#'
LIB_VCONGUI_TRUE=''
LITE_VERSION_FALSE=''
LITE_VERSION_TRUE='#'
LN_S='ln -s'
LTLIBOBJS=' memcmp$U.lo'
LT_AGE='0'
LT_CURRENT='3'
LT_RELEASE='1.3'
LT_REVISION='0'
MAKEINFO='${SHELL} /root/arm/libminigui-1.3.3/missing --run makeinfo'
MISC_ABOUTDLG_FALSE='#'
MISC_ABOUTDLG_TRUE=''
MiniGUI_BINARY_AGE='0'
MiniGUI_INTERFACE_AGE='0'
MiniGUI_MAJOR_VERSION='1'
MiniGUI_MICRO_VERSION='3'
MiniGUI_MINOR_VERSION='3'
MiniGUI_VERSION='1.3.3'
NATIVE_GAL_ENGINE_FALSE=''
NATIVE_GAL_ENGINE_TRUE='#'
NATIVE_IAL_ENGINE_FALSE=''
NATIVE_IAL_ENGINE_TRUE='#'
OBJEXT='o'
PACKAGE='libminigui'
PACKAGE_BUGREPORT=''
PACKAGE_NAME=''
PACKAGE_STRING=''
PACKAGE_TARNAME=''
PACKAGE_VERSION=''
PATH_SEPARATOR=':'
PCX_FILE_SUPPORT_FALSE=''
PCX_FILE_SUPPORT_TRUE='#'
PNG_FILE_SUPPORT_FALSE='#'
PNG_FILE_SUPPORT_TRUE=''
PX255B_IAL_ENGINE_FALSE=''
PX255B_IAL_ENGINE_TRUE='#'
RANLIB='arm-linux-ranlib'
RBF_SUPPORT_FALSE='#'
RBF_SUPPORT_TRUE=''
SET_MAKE=''
SHELL='/bin/sh'
SHIFTJIS_SUPPORT_FALSE=''
SHIFTJIS_SUPPORT_TRUE='#'
STAND_ALONE_FALSE=''
STAND_ALONE_TRUE='#'
STRIP='strip'
SVGALIB_ENGINE_FALSE=''
SVGALIB_ENGINE_TRUE='#'
SYSTEM_LIBS=' -lpng -lm'
TFSTB_IAL_ENGINE_FALSE=''
TFSTB_IAL_ENGINE_TRUE='#'
TGA_FILE_SUPPORT_FALSE=''
TGA_FILE_SUPPORT_TRUE='#'
THOR_IAL_ENGINE_FALSE=''
THOR_IAL_ENGINE_TRUE='#'
TTF_SUPPORT_FALSE=''
TTF_SUPPORT_TRUE='#'
TYPE1_SUPPORT_FALSE=''
TYPE1_SUPPORT_TRUE='#'
UJIS_SUPPORT_FALSE=''
UJIS_SUPPORT_TRUE='#'
USE_NEWGAL_FALSE='#'
USE_NEWGAL_TRUE=''
VBF_SUPPORT_FALSE=''
VBF_SUPPORT_TRUE='#'
VERSION='1.3.3'
VGA16_GAL_ENGINE_FALSE=''
VGA16_GAL_ENGINE_TRUE='#'
VIDEO_CFLAGS='-g -O2 -D__MINIGUI_LIB__ -D_REENTRANT -g -Wall -Wstrict-prototypes -pipe -UNDEBUG -D_DEBUG  -DENABLE_FBCON'
VIDEO_DRIVERS=' fbcon/libvideo_fbcon.la'
VIDEO_SUBDIRS=' fbcon'
VR4181_IAL_ENGINE_FALSE=''
VR4181_IAL_ENGINE_TRUE='#'
ac_ct_CC=''
ac_ct_RANLIB=''
ac_ct_STRIP=''
am__include='include'
am__quote=''
bindir='${exec_prefix}/bin'
build='i386-pc-linux-gnu'
build_alias='i386-linux'
build_cpu='i386'
build_os='linux-gnu'
build_vendor='pc'
datadir='${prefix}/share'
exec_prefix='${prefix}'
host='arm-unknown-linux-gnu'
host_alias='arm-linux'
host_cpu='arm'
host_os='linux-gnu'
host_vendor='unknown'
includedir='${prefix}/include'
infodir='${prefix}/info'
install_sh='/root/arm/libminigui-1.3.3/install-sh'
libdir='${exec_prefix}/lib'
libexecdir='${exec_prefix}/libexec'
localstatedir='${prefix}/var'
mandir='${prefix}/man'
oldincludedir='/usr/include'
prefix='/root/arm/minigui'
program_transform_name='s,^,arm-linux-,'
sbindir='${exec_prefix}/sbin'
sharedstatedir='${prefix}/com'
sysconfdir='${prefix}/etc'
target='arm-unknown-linux-gnu'
target_alias='arm-linux'
target_cpu='arm'
target_os='linux-gnu'
target_vendor='unknown'

## ----------- ##
## confdefs.h. ##
## ----------- ##

#define HAVE_ALLOCA 1
#define HAVE_ALLOCA_H 1
#define HAVE_DIRENT_H 1
#define HAVE_DLFCN_H 1
#define HAVE_GETPAGESIZE 1
#define HAVE_GETTIMEOFDAY 1
#define HAVE_INTTYPES_H 1
#define HAVE_MALLOC_H 1
#define HAVE_MATH_H 1
#define HAVE_MEMORY_H 1
#define HAVE_SETENV 1
#define HAVE_STDINT_H 1
#define HAVE_STDLIB_H 1
#define HAVE_STDLIB_H 1
#define HAVE_STRCASECMP 1
#define HAVE_STRDUP 1
#define HAVE_STRERROR 1
#define HAVE_STRINGS_H 1
#define HAVE_STRING_H 1
#define HAVE_SYS_IOCTL_H 1
#define HAVE_SYS_STAT_H 1
#define HAVE_SYS_TIME_H 1
#define HAVE_SYS_TYPES_H 1
#define HAVE_SYS_TYPES_H 1
#define HAVE_TERMIO_H 1
#define HAVE_TMPFILE 1
#define HAVE_UNISTD_H 1
#define HAVE_UNISTD_H 1
#define HAVE_UNISTD_H 1
#define HAVE_VPRINTF 1
#define MINIGUI_BINARY_AGE 0
#define MINIGUI_INTERFACE_AGE 0
#define MINIGUI_MAJOR_VERSION 1
#define MINIGUI_MICRO_VERSION 3
#define MINIGUI_MINOR_VERSION 3
#define PACKAGE_BUGREPORT ""
#define PACKAGE_NAME ""
#define PACKAGE_STRING ""
#define PACKAGE_TARNAME ""
#define PACKAGE_VERSION ""
#define STDC_HEADERS 1
#define STDC_HEADERS 1
#define TIME_WITH_SYS_TIME 1
#define _CTRL_BUTTON 1
#define _CTRL_COMBOBOX 1
#define _CTRL_LISTBOX 1
#define _CTRL_MENUBUTTON 1
#define _CTRL_MLEDIT 1
#define _CTRL_NEWTOOLBAR 1
#define _CTRL_PROGRESSBAR 1
#define _CTRL_PROPSHEET 1
#define _CTRL_SIMEDIT 1
#define _CTRL_SLEDIT 1
#define _CTRL_STATIC 1
#define _CTRL_TOOLBAR 1
#define _CTRL_TRACKBAR 1
#define _DEBUG 1
#define _DUMMY_IAL 1
#define _EXT_CTRL_COOLBAR 1
#define _EXT_CTRL_GRID 1
#define _EXT_CTRL_LISTVIEW 1
#define _EXT_CTRL_MONTHCAL 1
#define _EXT_CTRL_SPINBOX 1
#define _EXT_CTRL_TREEVIEW 1
#define _EXT_SKIN 1
#define _FIXED_MATH 1
#define _GBK_SUPPORT 1
#define _GPM_SUPPORT 1
#define _IME_GB2312 1
#define _IMPS2_SUPPORT 1
#define _INCORERBF_GB12 1
#define _LATIN9_SUPPORT 1
#define _LIB_VCONGUI 1
#define _MISC_ABOUTDLG 1
#define _MISC_SAVESCREEN 1
#define _MS3_SUPPORT 1
#define _MSG_STRING 1
#define _MS_SUPPORT 1
#define _NATIVE_GAL_FBCON 1
#define _NATIVE_GAL_QVFB 1
#define _PNG_FILE_SUPPORT 1
#define _PS2_SUPPORT 1
#define _QVFB_IAL 1
#define _RBF_SUPPORT 1
#define _SAVE_BITMAP 1
#define _TIMER_UNIT_10MS 1
#define _UNICODE_SUPPORT 1
#define _USE_NEWGAL 1

configure: exit 0
